Performing C++ SOURCE FILE Test CMAKE_HAVE_LIBC_PTHREAD failed with the following output:
Change Dir: /home/embody/ros_ws/src/G1-ROS-Navigation/catkin_ws/src/livox_ros_driver/livox_ros_driver/build/CMakeFiles/CMakeTmp

Run Build Command(s):/usr/bin/make -f Makefile cmTC_def5a/fast && /usr/bin/make  -f CMakeFiles/cmTC_def5a.dir/build.make CMakeFiles/cmTC_def5a.dir/build
make[1]: 进入目录“/home/embody/ros_ws/src/G1-ROS-Navigation/catkin_ws/src/livox_ros_driver/livox_ros_driver/build/CMakeFiles/CMakeTmp”
Building CXX object CMakeFiles/cmTC_def5a.dir/src.cxx.o
/usr/bin/c++ -DCMAKE_HAVE_LIBC_PTHREAD   -o CMakeFiles/cmTC_def5a.dir/src.cxx.o -c /home/embody/ros_ws/src/G1-ROS-Navigation/catkin_ws/src/livox_ros_driver/livox_ros_driver/build/CMakeFiles/CMakeTmp/src.cxx
Linking CXX executable cmTC_def5a
/usr/local/bin/cmake -E cmake_link_script CMakeFiles/cmTC_def5a.dir/link.txt --verbose=1
/usr/bin/c++ -rdynamic CMakeFiles/cmTC_def5a.dir/src.cxx.o -o cmTC_def5a 
/usr/bin/ld: CMakeFiles/cmTC_def5a.dir/src.cxx.o: in function `main':
src.cxx:(.text+0x46): undefined reference to `pthread_create'
/usr/bin/ld: src.cxx:(.text+0x52): undefined reference to `pthread_detach'
/usr/bin/ld: src.cxx:(.text+0x5e): undefined reference to `pthread_cancel'
/usr/bin/ld: src.cxx:(.text+0x6f): undefined reference to `pthread_join'
collect2: error: ld returned 1 exit status
make[1]: *** [CMakeFiles/cmTC_def5a.dir/build.make:99：cmTC_def5a] 错误 1
make[1]: 离开目录“/home/embody/ros_ws/src/G1-ROS-Navigation/catkin_ws/src/livox_ros_driver/livox_ros_driver/build/CMakeFiles/CMakeTmp”
make: *** [Makefile:127：cmTC_def5a/fast] 错误 2


Source file was:
#include <pthread.h>

static void* test_func(void* data)
{
  return data;
}

int main(void)
{
  pthread_t thread;
  pthread_create(&thread, NULL, test_func, NULL);
  pthread_detach(thread);
  pthread_cancel(thread);
  pthread_join(thread, NULL);
  pthread_atfork(NULL, NULL, NULL);
  pthread_exit(NULL);

  return 0;
}

Determining if the function pthread_create exists in the pthreads failed with the following output:
Change Dir: /home/embody/ros_ws/src/G1-ROS-Navigation/catkin_ws/src/livox_ros_driver/livox_ros_driver/build/CMakeFiles/CMakeTmp

Run Build Command(s):/usr/bin/make -f Makefile cmTC_271e3/fast && /usr/bin/make  -f CMakeFiles/cmTC_271e3.dir/build.make CMakeFiles/cmTC_271e3.dir/build
make[1]: 进入目录“/home/embody/ros_ws/src/G1-ROS-Navigation/catkin_ws/src/livox_ros_driver/livox_ros_driver/build/CMakeFiles/CMakeTmp”
Building CXX object CMakeFiles/cmTC_271e3.dir/CheckFunctionExists.cxx.o
/usr/bin/c++   -DCHECK_FUNCTION_EXISTS=pthread_create -o CMakeFiles/cmTC_271e3.dir/CheckFunctionExists.cxx.o -c /home/embody/ros_ws/src/G1-ROS-Navigation/catkin_ws/src/livox_ros_driver/livox_ros_driver/build/CMakeFiles/CheckLibraryExists/CheckFunctionExists.cxx
Linking CXX executable cmTC_271e3
/usr/local/bin/cmake -E cmake_link_script CMakeFiles/cmTC_271e3.dir/link.txt --verbose=1
/usr/bin/c++  -DCHECK_FUNCTION_EXISTS=pthread_create -rdynamic CMakeFiles/cmTC_271e3.dir/CheckFunctionExists.cxx.o -o cmTC_271e3  -lpthreads 
/usr/bin/ld: 找不到 -lpthreads
collect2: error: ld returned 1 exit status
make[1]: *** [CMakeFiles/cmTC_271e3.dir/build.make:99：cmTC_271e3] 错误 1
make[1]: 离开目录“/home/embody/ros_ws/src/G1-ROS-Navigation/catkin_ws/src/livox_ros_driver/livox_ros_driver/build/CMakeFiles/CMakeTmp”
make: *** [Makefile:127：cmTC_271e3/fast] 错误 2



