Performing C SOURCE FILE Test CMAKE_HAVE_LIBC_PTHREAD failed with the following output:
Change Dir: /home/embody/ros_ws/src/G1-ROS-Navigation/catkin_ws/src/livox_ros_driver/livox_ros_driver/build/gmock/CMakeFiles/CMakeTmp

Run Build Command(s):/usr/bin/make -f Makefile cmTC_1305b/fast && make[3]: 进入目录“/home/embody/ros_ws/src/G1-ROS-Navigation/catkin_ws/src/livox_ros_driver/livox_ros_driver/build/gmock/CMakeFiles/CMakeTmp”
/usr/bin/make  -f CMakeFiles/cmTC_1305b.dir/build.make CMakeFiles/cmTC_1305b.dir/build
make[4]: 进入目录“/home/embody/ros_ws/src/G1-ROS-Navigation/catkin_ws/src/livox_ros_driver/livox_ros_driver/build/gmock/CMakeFiles/CMakeTmp”
Building C object CMakeFiles/cmTC_1305b.dir/src.c.o
/usr/bin/cc -DCMAKE_HAVE_LIBC_PTHREAD   -o CMakeFiles/cmTC_1305b.dir/src.c.o -c /home/embody/ros_ws/src/G1-ROS-Navigation/catkin_ws/src/livox_ros_driver/livox_ros_driver/build/gmock/CMakeFiles/CMakeTmp/src.c
Linking C executable cmTC_1305b
/usr/local/bin/cmake -E cmake_link_script CMakeFiles/cmTC_1305b.dir/link.txt --verbose=1
/usr/bin/cc -rdynamic CMakeFiles/cmTC_1305b.dir/src.c.o -o cmTC_1305b 
/usr/bin/ld: CMakeFiles/cmTC_1305b.dir/src.c.o: in function `main':
src.c:(.text+0x46): undefined reference to `pthread_create'
/usr/bin/ld: src.c:(.text+0x52): undefined reference to `pthread_detach'
/usr/bin/ld: src.c:(.text+0x5e): undefined reference to `pthread_cancel'
/usr/bin/ld: src.c:(.text+0x6f): undefined reference to `pthread_join'
collect2: error: ld returned 1 exit status
make[4]: *** [CMakeFiles/cmTC_1305b.dir/build.make:99：cmTC_1305b] 错误 1
make[4]: 离开目录“/home/embody/ros_ws/src/G1-ROS-Navigation/catkin_ws/src/livox_ros_driver/livox_ros_driver/build/gmock/CMakeFiles/CMakeTmp”
make[3]: *** [Makefile:127：cmTC_1305b/fast] 错误 2
make[3]: 离开目录“/home/embody/ros_ws/src/G1-ROS-Navigation/catkin_ws/src/livox_ros_driver/livox_ros_driver/build/gmock/CMakeFiles/CMakeTmp”


Source file was:
#include <pthread.h>

static void* test_func(void* data)
{
  return data;
}

int main(void)
{
  pthread_t thread;
  pthread_create(&thread, NULL, test_func, NULL);
  pthread_detach(thread);
  pthread_cancel(thread);
  pthread_join(thread, NULL);
  pthread_atfork(NULL, NULL, NULL);
  pthread_exit(NULL);

  return 0;
}

Determining if the function pthread_create exists in the pthreads failed with the following output:
Change Dir: /home/embody/ros_ws/src/G1-ROS-Navigation/catkin_ws/src/livox_ros_driver/livox_ros_driver/build/gmock/CMakeFiles/CMakeTmp

Run Build Command(s):/usr/bin/make -f Makefile cmTC_e7d5c/fast && make[3]: 进入目录“/home/embody/ros_ws/src/G1-ROS-Navigation/catkin_ws/src/livox_ros_driver/livox_ros_driver/build/gmock/CMakeFiles/CMakeTmp”
/usr/bin/make  -f CMakeFiles/cmTC_e7d5c.dir/build.make CMakeFiles/cmTC_e7d5c.dir/build
make[4]: 进入目录“/home/embody/ros_ws/src/G1-ROS-Navigation/catkin_ws/src/livox_ros_driver/livox_ros_driver/build/gmock/CMakeFiles/CMakeTmp”
Building C object CMakeFiles/cmTC_e7d5c.dir/CheckFunctionExists.c.o
/usr/bin/cc   -DCHECK_FUNCTION_EXISTS=pthread_create -o CMakeFiles/cmTC_e7d5c.dir/CheckFunctionExists.c.o -c /usr/local/share/cmake-3.24/Modules/CheckFunctionExists.c
Linking C executable cmTC_e7d5c
/usr/local/bin/cmake -E cmake_link_script CMakeFiles/cmTC_e7d5c.dir/link.txt --verbose=1
/usr/bin/cc  -DCHECK_FUNCTION_EXISTS=pthread_create -rdynamic CMakeFiles/cmTC_e7d5c.dir/CheckFunctionExists.c.o -o cmTC_e7d5c  -lpthreads 
/usr/bin/ld: 找不到 -lpthreads
collect2: error: ld returned 1 exit status
make[4]: *** [CMakeFiles/cmTC_e7d5c.dir/build.make:99：cmTC_e7d5c] 错误 1
make[4]: 离开目录“/home/embody/ros_ws/src/G1-ROS-Navigation/catkin_ws/src/livox_ros_driver/livox_ros_driver/build/gmock/CMakeFiles/CMakeTmp”
make[3]: *** [Makefile:127：cmTC_e7d5c/fast] 错误 2
make[3]: 离开目录“/home/embody/ros_ws/src/G1-ROS-Navigation/catkin_ws/src/livox_ros_driver/livox_ros_driver/build/gmock/CMakeFiles/CMakeTmp”



